<?xml version="1.0" encoding="utf-8" standalone="no"?>
<!--This file represents the results of running a test suite-->
<test-results name="C:\Documents and Settings\lvairamani\Desktop\SDKs\AdaptiveAccounts\Unit_Testing\bin\Debug\UnitTest.dll" total="20" errors="0" failures="0" not-run="0" inconclusive="0" ignored="0" skipped="0" invalid="0" date="2011-10-10" time="18:56:35">
  <environment nunit-version="2.5.10.11092" clr-version="2.0.50727.3623" os-version="Microsoft Windows NT 5.2.3790 Service Pack 2" platform="Win32NT" cwd="C:\Documents and Settings\lvairamani\Desktop\SDKs\AdaptiveAccounts\Unit_Testing\bin\Debug" machine-name="SJD-VPPTS-022" user="lvairamani" user-domain="CORP" />
  <culture-info current-culture="en-US" current-uiculture="en-US" />
  <test-suite type="Assembly" name="C:\Documents and Settings\lvairamani\Desktop\SDKs\AdaptiveAccounts\Unit_Testing\bin\Debug\UnitTest.dll" executed="True" result="Success" success="True" time="1.297" asserts="0">
    <results>
      <test-suite type="Namespace" name="PayPal" executed="True" result="Success" success="True" time="1.297" asserts="0">
        <results>
          <test-suite type="SetUpFixture" name="UnitTest" executed="True" result="Success" success="True" time="1.297" asserts="0">
            <results>
              <test-suite type="TestFixture" name="APIServiceTest" executed="True" result="Success" success="True" time="0.750" asserts="0">
                <results>
                  <test-case name="PayPal.UnitTest.APIServiceTest.makeRequestWithClientAuthentication" executed="True" result="Success" success="True" time="0.000" asserts="0" />
                  <test-case name="PayPal.UnitTest.APIServiceTest.makeRequestWithDefaultAccount" executed="True" result="Success" success="True" time="0.359" asserts="1" />
                  <test-case name="PayPal.UnitTest.APIServiceTest.makeRequestWithSpecificAccount" executed="True" result="Success" success="True" time="0.375" asserts="1" />
                </results>
              </test-suite>
              <test-suite type="TestFixture" name="AuthenticationHandlerTest" executed="True" result="Success" success="True" time="0.063" asserts="0">
                <results>
                  <test-case name="PayPal.UnitTest.AuthenticationHandlerTest.setAuthenticationParamsForInvalidAccount" executed="True" result="Success" success="True" time="0.031" asserts="0" />
                  <test-case name="PayPal.UnitTest.AuthenticationHandlerTest.setAuthenticationParamsForSignatureAccount" executed="True" result="Success" success="True" time="0.016" asserts="5" />
                  <test-case name="PayPal.UnitTest.AuthenticationHandlerTest.testOAuthSignature" executed="True" result="Success" success="True" time="0.000" asserts="1" />
                </results>
              </test-suite>
              <test-suite type="TestFixture" name="BasePayPalServiceTest" executed="True" result="Success" success="True" time="0.328" asserts="0">
                <results>
                  <test-case name="PayPal.UnitTest.BasePayPalServiceTest.callService" executed="True" result="Success" success="True" time="0.328" asserts="2" />
                </results>
              </test-suite>
              <test-suite type="TestFixture" name="CertificateCredentialTest" executed="True" result="Success" success="True" time="0.000" asserts="0">
                <results>
                  <test-case name="PayPal.UnitTest.CertificateCredentialTest.ObjectCreation" executed="True" result="Success" success="True" time="0.000" asserts="5" />
                </results>
              </test-suite>
              <test-suite type="TestFixture" name="ConfigManagerTest" executed="True" result="Success" success="True" time="0.016" asserts="0">
                <results>
                  <test-case name="PayPal.UnitTest.ConfigManagerTest.retrieveAccountConfigByIndex" executed="True" result="Success" success="True" time="0.000" asserts="2" />
                  <test-case name="PayPal.UnitTest.ConfigManagerTest.retrieveAccountConfigByUsername" executed="True" result="Success" success="True" time="0.000" asserts="5" />
                  <test-case name="PayPal.UnitTest.ConfigManagerTest.retrieveNonExistentAccount" executed="True" result="Success" success="True" time="0.000" asserts="1" />
                  <test-case name="PayPal.UnitTest.ConfigManagerTest.retrieveNonExistentProperty" executed="True" result="Success" success="True" time="0.000" asserts="1" />
                  <test-case name="PayPal.UnitTest.ConfigManagerTest.retrieveValidProperty" executed="True" result="Success" success="True" time="0.000" asserts="4" />
                </results>
              </test-suite>
              <test-suite type="TestFixture" name="ConnectionManagerTest" executed="True" result="Success" success="True" time="0.016" asserts="0">
                <results>
                  <test-case name="PayPal.UnitTest.ConnectionManagerTest.createNewConnection" executed="True" result="Success" success="True" time="0.000" asserts="3" />
                  <test-case name="PayPal.UnitTest.ConnectionManagerTest.createNewConnectionWithInvalidURL" executed="True" result="Success" success="True" time="0.016" asserts="0" />
                </results>
              </test-suite>
              <test-suite type="TestFixture" name="CredentialManagerTest" executed="True" result="Success" success="True" time="0.016" asserts="0">
                <results>
                  <test-case name="PayPal.UnitTest.CredentialManagerTest.loadCertificateCredential" executed="True" result="Success" success="True" time="0.000" asserts="7" />
                  <test-case name="PayPal.UnitTest.CredentialManagerTest.loadCredentialForNonExistentAccount" executed="True" result="Success" success="True" time="0.016" asserts="0" />
                  <test-case name="PayPal.UnitTest.CredentialManagerTest.loadSignatureCredential" executed="True" result="Success" success="True" time="0.000" asserts="6" />
                </results>
              </test-suite>
              <test-suite type="TestFixture" name="NVPUtilTest" executed="True" result="Success" success="True" time="0.031" asserts="0">
                <results>
                  <test-case name="PayPal.UnitTest.NVPUtilTest.SplitResponseStringTest" executed="True" result="Success" success="True" time="0.031" asserts="41" />
                </results>
              </test-suite>
              <test-suite type="TestFixture" name="SignatureCredentialTest" executed="True" result="Success" success="True" time="0.000" asserts="0">
                <results>
                  <test-case name="PayPal.UnitTest.SignatureCredentialTest.ObjectCreation" executed="True" result="Success" success="True" time="0.000" asserts="4" />
                </results>
              </test-suite>
            </results>
          </test-suite>
        </results>
      </test-suite>
    </results>
  </test-suite>
</test-results>